


ARM Macro Assembler    Page 1 


    1 00000000         ;*******************************************************
                       **************************************************
    2 00000000         ;*  Byte number of Main Stack  主堆栈的字节数           
                        
    3 00000000         ;*******************************************************
                       **************************************************
    4 00000000 00000100 
                       Stack   EQU              256
    5 00000000         
    6 00000000         
    7 00000000         ;*******************************************************
                       **************************************************
    8 00000000         ;*  Byte number of the Heap  堆的字节数                 
                       
    9 00000000         ;*******************************************************
                       **************************************************
   10 00000000 00000064 
                       Heap    EQU              100
   11 00000000         
   12 00000000         
   13 00000000         ;*******************************************************
                       **************************************************
   14 00000000         ;*  Allocate space for Main Stack  主堆栈分配的空间     
                             
   15 00000000         ;*******************************************************
                       **************************************************
   16 00000000                 AREA             STACK, NOINIT, READWRITE, ALIGN
=3
   17 00000000         StackMem
   18 00000000                 SPACE            Stack
   19 00000100         
   20 00000100         
   21 00000100         ;*******************************************************
                       **************************************************
   22 00000100         ;*  Allocate space for the heap    栈分配的空间         
                                                    
   23 00000100         ;*******************************************************
                       **************************************************
   24 00000100                 AREA             HEAP, NOINIT, READWRITE, ALIGN=
3
   25 00000000         HeapMem
   26 00000000                 SPACE            Heap
   27 00000064         
   28 00000064         
   29 00000064         ;*******************************************************
                       **************************************************
   30 00000064         ;*  Declarations for the interrupt handlers that are use
                       d by the application.                            
   31 00000064         ;*  本应用所用到的中断函数的声明                        
                                         
   32 00000064         ;*******************************************************
                       **************************************************
   33 00000064                 EXTERN           OSPendSV
   34 00000064                 EXTERN           tickISRHandler
   35 00000064                 EXTERN           Timer0B_ISR
   36 00000064                 EXTERN           Timer2B_ISR
   37 00000064                 EXTERN           UART0_ISR
   38 00000064                 EXTERN           GPIO_Port_J_ISR
   39 00000064         



ARM Macro Assembler    Page 2 


   40 00000064         ;*******************************************************
                       **************************************************
   41 00000064         ;*  Indicate that the code in this file preserves 8-byte
                        alignment of the stack.              
   42 00000064         ;*  本文件的代码对堆栈8字节对齐保护                     
                                            
   43 00000064         ;*******************************************************
                       **************************************************
   44 00000064                 PRESERVE8
   45 00000064         
   46 00000064         
   47 00000064         ;*******************************************************
                       **************************************************
   48 00000064         ;*  Reset code section.                                 
                                 
   49 00000064         ;*  复位代码                                            
                                            
   50 00000064         ;*******************************************************
                       **************************************************
   51 00000064                 AREA             RESET, CODE, READONLY
   52 00000000                 THUMB
   53 00000000         
   54 00000000         ;*******************************************************
                       **************************************************
   55 00000000         ;*  The vector table.
   56 00000000         ;*  向量表
   57 00000000         ;*******************************************************
                       **************************************************
   58 00000000                 EXPORT           __Vectors
   59 00000000         __Vectors
   60 00000000 00000100        DCD              StackMem + Stack ; Top of Stack
                                                            
   61 00000004 00000000        DCD              Reset_Handler ; Reset Handler
   62 00000008 00000000        DCD              NmiSR       ; NMI Handler
   63 0000000C 00000000        DCD              IntDefaultHandler ; Hard Fault 
                                                            Handler
   64 00000010 00000000        DCD              IntDefaultHandler 
                                                            ; MPU Fault Handler
                                                            
   65 00000014 00000000        DCD              IntDefaultHandler 
                                                            ; Bus Fault Handler
                                                            
   66 00000018 00000000        DCD              IntDefaultHandler ; Usage Fault
                                                             Handler
   67 0000001C 00000000        DCD              0           ; Reserved
   68 00000020 00000000        DCD              0           ; Reserved
   69 00000024 00000000        DCD              0           ; Reserved
   70 00000028 00000000        DCD              0           ; Reserved
   71 0000002C 00000000        DCD              IntDefaultHandler 
                                                            ; SVCall Handler
   72 00000030 00000000        DCD              IntDefaultHandler ; Debug Monit
                                                            or Handler
   73 00000034 00000000        DCD              0           ; Reserved
   74 00000038 00000000        DCD              OSPendSV    ; PendSV Handler
   75 0000003C 00000000        DCD              tickISRHandler 
                                                            ; SysTick Handler
   76 00000040 00000000        DCD              IntDefaultHandler ; GPIO Port A
                                                            
   77 00000044 00000000        DCD              IntDefaultHandler ; GPIO Port B



ARM Macro Assembler    Page 3 


                                                            
   78 00000048 00000000        DCD              IntDefaultHandler ; GPIO Port C
                                                            
   79 0000004C 00000000        DCD              IntDefaultHandler ; GPIO Port D
                                                            
   80 00000050 00000000        DCD              IntDefaultHandler ; GPIO Port E
                                                            
   81 00000054 00000000        DCD              UART0_ISR   ; UART0
   82 00000058 00000000        DCD              IntDefaultHandler ; UART1
   83 0000005C 00000000        DCD              IntDefaultHandler ; SSI
   84 00000060 00000000        DCD              IntDefaultHandler ; I2C
   85 00000064 00000000        DCD              IntDefaultHandler ; PWM Fault
   86 00000068 00000000        DCD              IntDefaultHandler 
                                                            ; PWM Generator 0
   87 0000006C 00000000        DCD              IntDefaultHandler 
                                                            ; PWM Generator 1
   88 00000070 00000000        DCD              IntDefaultHandler 
                                                            ; PWM Generator 2
   89 00000074 00000000        DCD              IntDefaultHandler ; Quadrature 
                                                            Encoder
   90 00000078 00000000        DCD              IntDefaultHandler 
                                                            ; ADC Sequence 0
   91 0000007C 00000000        DCD              IntDefaultHandler 
                                                            ; ADC Sequence 1
   92 00000080 00000000        DCD              IntDefaultHandler 
                                                            ; ADC Sequence 2
   93 00000084 00000000        DCD              IntDefaultHandler 
                                                            ; ADC Sequence 3
   94 00000088 00000000        DCD              IntDefaultHandler ; Watchdog
   95 0000008C 00000000        DCD              IntDefaultHandler ; Timer 0A
   96 00000090 00000000        DCD              Timer0B_ISR ; Timer 0B
   97 00000094 00000000        DCD              IntDefaultHandler ; Timer 1A
   98 00000098 00000000        DCD              IntDefaultHandler ; Timer 1B
   99 0000009C 00000000        DCD              IntDefaultHandler ; Timer 2A
  100 000000A0 00000000        DCD              Timer2B_ISR ; Timer 2B
  101 000000A4 00000000        DCD              IntDefaultHandler ; Comp 0
  102 000000A8 00000000        DCD              IntDefaultHandler ; Comp 1
  103 000000AC 00000000        DCD              IntDefaultHandler ; Comp 2
  104 000000B0 00000000        DCD              IntDefaultHandler 
                                                            ; System Control
  105 000000B4 00000000        DCD              IntDefaultHandler 
                                                            ; Flash Control
  106 000000B8 00000000        DCD              IntDefaultHandler ; GPIO Port F
                                                            
  107 000000BC 00000000        DCD              IntDefaultHandler ; GPIO Port G
                                                            
  108 000000C0 00000000        DCD              IntDefaultHandler ; GPIO Port H
                                                            
  109 000000C4 00000000        DCD              IntDefaultHandler 
                                                            ; UART2 Rx and Tx
  110 000000C8 00000000        DCD              IntDefaultHandler 
                                                            ; SSI1 Rx and Tx
  111 000000CC 00000000        DCD              IntDefaultHandler ; Timer 3 sub
                                                            timer A
  112 000000D0 00000000        DCD              IntDefaultHandler ; Timer 3 sub
                                                            timer B
  113 000000D4 00000000        DCD              IntDefaultHandler ; I2C1 Master
                                                             and Slave
  114 000000D8 00000000        DCD              IntDefaultHandler ; Quadrature 



ARM Macro Assembler    Page 4 


                                                            Encoder 1
  115 000000DC 00000000        DCD              IntDefaultHandler ; CAN0
  116 000000E0 00000000        DCD              IntDefaultHandler ; CAN1
  117 000000E4 00000000        DCD              IntDefaultHandler ; CAN2
  118 000000E8 00000000        DCD              IntDefaultHandler ; Ethernet
  119 000000EC 00000000        DCD              IntDefaultHandler ; Hibernate
  120 000000F0 00000000        DCD              IntDefaultHandler ; USB0
  121 000000F4 00000000        DCD              IntDefaultHandler 
                                                            ; PWM Generator 3
  122 000000F8 00000000        DCD              IntDefaultHandler ; uDMA Softwa
                                                            re Transfer
  123 000000FC 00000000        DCD              IntDefaultHandler ; uDMA Error
  124 00000100 00000000        DCD              IntDefaultHandler 
                                                            ; ADC1 Sequence 0
  125 00000104 00000000        DCD              IntDefaultHandler 
                                                            ; ADC1 Sequence 1
  126 00000108 00000000        DCD              IntDefaultHandler 
                                                            ; ADC1 Sequence 2
  127 0000010C 00000000        DCD              IntDefaultHandler 
                                                            ; ADC1 Sequence 3
  128 00000110 00000000        DCD              IntDefaultHandler ; I2S0
  129 00000114 00000000        DCD              IntDefaultHandler ; External Bu
                                                            s Interface 0
  130 00000118 00000000        DCD              GPIO_Port_J_ISR ; GPIO Port J
  131 0000011C         
  132 0000011C         
  133 0000011C         ;*******************************************************
                       **************************************************
  134 0000011C         ;*  Reset entry
  135 0000011C         ;*  复位入口点
  136 0000011C         ;*******************************************************
                       **************************************************
  137 0000011C                 EXPORT           Reset_Handler
  138 0000011C         Reset_Handler
  139 0000011C                 IMPORT           __main
  140 0000011C 4802            LDR              R0, =__main
  141 0000011E 4700            BX               R0
  142 00000120         
  143 00000120         
  144 00000120         ;*******************************************************
                       **************************************************
  145 00000120         ;*  NMI exception handler. 
  146 00000120         ;*  It simply enters an infinite loop.
  147 00000120         ;*  不可屏蔽异常处理程序。简单地进入死循环
  148 00000120         ;*******************************************************
                       **************************************************
  149 00000120         NmiSR
  150 00000120 E7FE            B                NmiSR
  151 00000122         
  152 00000122         
  153 00000122         ;*******************************************************
                       **************************************************
  154 00000122         ;*  Fault interrupt handler. 
  155 00000122         ;*  It simply enters an infinite loop.
  156 00000122         ;*  错误中断处理程序。简单地进入死循环
  157 00000122         ;*******************************************************
                       **************************************************
  158 00000122         FaultISR
  159 00000122 E7FE            B                FaultISR



ARM Macro Assembler    Page 5 


  160 00000124         
  161 00000124         
  162 00000124         ;*******************************************************
                       **************************************************
  163 00000124         ;*  Unexpected interrupt handler. 
  164 00000124         ;*  It simply enters an infinite loop.
  165 00000124         ;*  无期待的中断处理程序。简单地进入死循环
  166 00000124         ;*******************************************************
                       **************************************************
  167 00000124         IntDefaultHandler
  168 00000124 E7FE            B                IntDefaultHandler
  169 00000126         
  170 00000126         
  171 00000126         ;*******************************************************
                       **************************************************
  172 00000126         ;*  Make sure the end of this section is aligned.
  173 00000126         ;*  确保本段的末尾对齐
  174 00000126         ;*******************************************************
                       **************************************************
  175 00000126 00 00           ALIGN
  176 00000128         
  177 00000128         
  178 00000128         
  179 00000128         ;*******************************************************
                       **************************************************
  180 00000128         ;*  Code section for initializing the heap and stack    
                                                                         
  181 00000128         ;*  堆和栈的初始化代码                                  
                                          
  182 00000128         ;*******************************************************
                       **************************************************
  183 00000128 00000000        AREA             |.text|, CODE, READONLY
  184 00000000         
  185 00000000         ;*******************************************************
                       **************************************************
  186 00000000         ;*  The function expected of the C library startup 
  187 00000000         ;*  code for defining the stack and heap memory location
                       s.
  188 00000000         ;*  C语言启动库调用本代码初始化堆和栈 
  189 00000000         ;*******************************************************
                       **************************************************
  190 00000000                 IMPORT           __use_two_region_memory
  191 00000000                 EXPORT           __user_initial_stackheap
  192 00000000         __user_initial_stackheap
  193 00000000 4802            LDR              R0, =HeapMem
  194 00000002 4903            LDR              R1, =(StackMem + Stack)
  195 00000004 4A03            LDR              R2, =(HeapMem + Heap)
  196 00000006 4B04            LDR              R3, =StackMem
  197 00000008 4770            BX               LR
  198 0000000A         
  199 0000000A         
  200 0000000A         ;*******************************************************
                       **************************************************
  201 0000000A         ;*  Make sure the end of this section is aligned.
  202 0000000A         ;*  确保本段的末尾对齐
  203 0000000A         ;*******************************************************
                       **************************************************
  204 0000000A 00 00           ALIGN
  205 0000000C         



ARM Macro Assembler    Page 6 


  206 0000000C         
  207 0000000C         ;*******************************************************
                       **************************************************
  208 0000000C         ;*  End Of File                                         
                                   
  209 0000000C         ;*******************************************************
                       **************************************************
  210 0000000C                 END
              00000000 
              00000100 
              00000064 
              00000000 
Command Line: --debug --xref --cpu=Cortex-M3 --apcs=interwork --depend=.\object
\startup.d -o.\object\startup.o -IE:\work_sofeware\keil\ARM\RV31\INC -IE:\work_
sofeware\keil\ARM\CMSIS\Include -IE:\work_sofeware\keil\ARM\Inc\Luminary --list
=.\comment\startup.lst Target\Startup.s



ARM Macro Assembler    Page 1 Alphabetic symbol ordering
Relocatable symbols

STACK 00000000

Symbol: STACK
   Definitions
      At line 16 in file Target\Startup.s
   Uses
      None
Comment: STACK unused
StackMem 00000000

Symbol: StackMem
   Definitions
      At line 17 in file Target\Startup.s
   Uses
      At line 60 in file Target\Startup.s
      At line 194 in file Target\Startup.s
      At line 196 in file Target\Startup.s

2 symbols



ARM Macro Assembler    Page 1 Alphabetic symbol ordering
Relocatable symbols

HEAP 00000000

Symbol: HEAP
   Definitions
      At line 24 in file Target\Startup.s
   Uses
      None
Comment: HEAP unused
HeapMem 00000000

Symbol: HeapMem
   Definitions
      At line 25 in file Target\Startup.s
   Uses
      At line 193 in file Target\Startup.s
      At line 195 in file Target\Startup.s

2 symbols



ARM Macro Assembler    Page 1 Alphabetic symbol ordering
Relocatable symbols

FaultISR 00000122

Symbol: FaultISR
   Definitions
      At line 158 in file Target\Startup.s
   Uses
      At line 159 in file Target\Startup.s
Comment: FaultISR used once
IntDefaultHandler 00000124

Symbol: IntDefaultHandler
   Definitions
      At line 167 in file Target\Startup.s
   Uses
      At line 63 in file Target\Startup.s
      At line 64 in file Target\Startup.s
      At line 65 in file Target\Startup.s
      At line 66 in file Target\Startup.s
      At line 71 in file Target\Startup.s
      At line 72 in file Target\Startup.s
      At line 76 in file Target\Startup.s
      At line 77 in file Target\Startup.s
      At line 78 in file Target\Startup.s
      At line 79 in file Target\Startup.s
      At line 80 in file Target\Startup.s
      At line 82 in file Target\Startup.s
      At line 83 in file Target\Startup.s
      At line 84 in file Target\Startup.s
      At line 85 in file Target\Startup.s
      At line 86 in file Target\Startup.s
      At line 87 in file Target\Startup.s
      At line 88 in file Target\Startup.s
      At line 89 in file Target\Startup.s
      At line 90 in file Target\Startup.s
      At line 91 in file Target\Startup.s
      At line 92 in file Target\Startup.s
      At line 93 in file Target\Startup.s
      At line 94 in file Target\Startup.s
      At line 95 in file Target\Startup.s
      At line 97 in file Target\Startup.s
      At line 98 in file Target\Startup.s
      At line 99 in file Target\Startup.s
      At line 101 in file Target\Startup.s
      At line 102 in file Target\Startup.s
      At line 103 in file Target\Startup.s
      At line 104 in file Target\Startup.s
      At line 105 in file Target\Startup.s
      At line 106 in file Target\Startup.s
      At line 107 in file Target\Startup.s
      At line 108 in file Target\Startup.s
      At line 109 in file Target\Startup.s
      At line 110 in file Target\Startup.s
      At line 111 in file Target\Startup.s
      At line 112 in file Target\Startup.s
      At line 113 in file Target\Startup.s
      At line 114 in file Target\Startup.s
      At line 115 in file Target\Startup.s
      At line 116 in file Target\Startup.s
      At line 117 in file Target\Startup.s



ARM Macro Assembler    Page 2 Alphabetic symbol ordering
Relocatable symbols

      At line 118 in file Target\Startup.s
      At line 119 in file Target\Startup.s
      At line 120 in file Target\Startup.s
      At line 121 in file Target\Startup.s
      At line 122 in file Target\Startup.s
      At line 123 in file Target\Startup.s
      At line 124 in file Target\Startup.s
      At line 125 in file Target\Startup.s
      At line 126 in file Target\Startup.s
      At line 127 in file Target\Startup.s
      At line 128 in file Target\Startup.s
      At line 129 in file Target\Startup.s
      At line 168 in file Target\Startup.s

NmiSR 00000120

Symbol: NmiSR
   Definitions
      At line 149 in file Target\Startup.s
   Uses
      At line 62 in file Target\Startup.s
      At line 150 in file Target\Startup.s

RESET 00000000

Symbol: RESET
   Definitions
      At line 51 in file Target\Startup.s
   Uses
      None
Comment: RESET unused
Reset_Handler 0000011C

Symbol: Reset_Handler
   Definitions
      At line 138 in file Target\Startup.s
   Uses
      At line 61 in file Target\Startup.s
      At line 137 in file Target\Startup.s

__Vectors 00000000

Symbol: __Vectors
   Definitions
      At line 59 in file Target\Startup.s
   Uses
      At line 58 in file Target\Startup.s
Comment: __Vectors used once
6 symbols



ARM Macro Assembler    Page 1 Alphabetic symbol ordering
Relocatable symbols

.text 00000000

Symbol: .text
   Definitions
      At line 183 in file Target\Startup.s
   Uses
      None
Comment: .text unused
__user_initial_stackheap 00000000

Symbol: __user_initial_stackheap
   Definitions
      At line 192 in file Target\Startup.s
   Uses
      At line 191 in file Target\Startup.s
Comment: __user_initial_stackheap used once
2 symbols



ARM Macro Assembler    Page 1 Alphabetic symbol ordering
Absolute symbols

Heap 00000064

Symbol: Heap
   Definitions
      At line 10 in file Target\Startup.s
   Uses
      At line 26 in file Target\Startup.s
      At line 195 in file Target\Startup.s

Stack 00000100

Symbol: Stack
   Definitions
      At line 4 in file Target\Startup.s
   Uses
      At line 18 in file Target\Startup.s
      At line 60 in file Target\Startup.s
      At line 194 in file Target\Startup.s

2 symbols



ARM Macro Assembler    Page 1 Alphabetic symbol ordering
External symbols

GPIO_Port_J_ISR 00000000

Symbol: GPIO_Port_J_ISR
   Definitions
      At line 38 in file Target\Startup.s
   Uses
      At line 130 in file Target\Startup.s
Comment: GPIO_Port_J_ISR used once
OSPendSV 00000000

Symbol: OSPendSV
   Definitions
      At line 33 in file Target\Startup.s
   Uses
      At line 74 in file Target\Startup.s
Comment: OSPendSV used once
Timer0B_ISR 00000000

Symbol: Timer0B_ISR
   Definitions
      At line 35 in file Target\Startup.s
   Uses
      At line 96 in file Target\Startup.s
Comment: Timer0B_ISR used once
Timer2B_ISR 00000000

Symbol: Timer2B_ISR
   Definitions
      At line 36 in file Target\Startup.s
   Uses
      At line 100 in file Target\Startup.s
Comment: Timer2B_ISR used once
UART0_ISR 00000000

Symbol: UART0_ISR
   Definitions
      At line 37 in file Target\Startup.s
   Uses
      At line 81 in file Target\Startup.s
Comment: UART0_ISR used once
__main 00000000

Symbol: __main
   Definitions
      At line 139 in file Target\Startup.s
   Uses
      At line 140 in file Target\Startup.s
Comment: __main used once
__use_two_region_memory 00000000

Symbol: __use_two_region_memory
   Definitions
      At line 190 in file Target\Startup.s
   Uses
      None
Comment: __use_two_region_memory unused
tickISRHandler 00000000

Symbol: tickISRHandler



ARM Macro Assembler    Page 2 Alphabetic symbol ordering
External symbols

   Definitions
      At line 34 in file Target\Startup.s
   Uses
      At line 75 in file Target\Startup.s
Comment: tickISRHandler used once
8 symbols
356 symbols in table
